[2024-05-23 18:17:00,117: INFO:main: >>>> stage Data ingestion stage started <<<<<]
[2024-05-23 18:17:00,120: INFO:common: yaml file: /Users/kanayojustice/Documents/Data_scientist_projects/AutoPredict/config/config.yaml loaded successfully]
[2024-05-23 18:17:00,121: INFO:common: yaml file: /Users/kanayojustice/Documents/Data_scientist_projects/AutoPredict/params.yaml loaded successfully]
[2024-05-23 18:17:00,158: INFO:common: yaml file: /Users/kanayojustice/Documents/Data_scientist_projects/AutoPredict/schema.yaml loaded successfully]
[2024-05-23 18:17:00,159: INFO:common: created directory at: artifacts]
[2024-05-23 18:17:00,160: INFO:common: created directory at: artifacts/data_ingestion]
[2024-05-23 18:17:09,866: INFO:data_ingestion: artifacts/data_ingestion/autopredict_cleaned_data.zip Download! with the following info: 
Connection: close
Content-Length: 1945315
Cache-Control: max-age=300
Content-Security-Policy: default-src 'none'; style-src 'unsafe-inline'; sandbox
Content-Type: application/zip
ETag: "b160506c17ea84ccc04e5b384952e3f307ac7aa5a12e2f509c92fd114a7bbbf6"
Strict-Transport-Security: max-age=31536000
X-Content-Type-Options: nosniff
X-Frame-Options: deny
X-XSS-Protection: 1; mode=block
X-GitHub-Request-Id: D78C:891DB:2533F0:2DAF9C:664F742F
Accept-Ranges: bytes
Date: Thu, 23 May 2024 17:17:01 GMT
Via: 1.1 varnish
X-Served-By: cache-lhr7346-LHR
X-Cache: HIT
X-Cache-Hits: 0
X-Timer: S1716484621.099017,VS0,VE165
Vary: Authorization,Accept-Encoding,Origin
Access-Control-Allow-Origin: *
Cross-Origin-Resource-Policy: cross-origin
X-Fastly-Request-ID: d0a2e44fcb697281305d5c35afa06dfd8b064ca6
Expires: Thu, 23 May 2024 17:22:01 GMT
Source-Age: 0

]
[2024-05-23 18:17:10,008: INFO:main: >>>> stage Data ingestion stage completed <<<<<]
[2024-05-23 18:17:21,340: INFO:common: yaml file: /Users/kanayojustice/Documents/Data_scientist_projects/AutoPredict/config/config.yaml loaded successfully]
[2024-05-23 18:17:21,344: INFO:common: yaml file: /Users/kanayojustice/Documents/Data_scientist_projects/AutoPredict/params.yaml loaded successfully]
[2024-05-23 18:17:21,392: INFO:common: yaml file: /Users/kanayojustice/Documents/Data_scientist_projects/AutoPredict/schema.yaml loaded successfully]
[2024-05-23 18:17:21,396: INFO:common: created directory at: artifacts]
[2024-05-23 18:17:21,399: INFO:common: created directory at: artifacts/data_validation]
[2024-05-23 19:31:49,916: INFO:common: yaml file: /Users/kanayojustice/Documents/Data_scientist_projects/AutoPredict/config/config.yaml loaded successfully]
[2024-05-23 19:31:49,919: INFO:common: yaml file: /Users/kanayojustice/Documents/Data_scientist_projects/AutoPredict/params.yaml loaded successfully]
[2024-05-23 19:31:49,957: INFO:common: yaml file: /Users/kanayojustice/Documents/Data_scientist_projects/AutoPredict/schema.yaml loaded successfully]
[2024-05-23 19:31:49,959: INFO:common: created directory at: artifacts]
[2024-05-23 19:31:49,961: INFO:common: created directory at: artifacts/data_validation]
[2024-05-23 19:33:49,324: INFO:common: yaml file: /Users/kanayojustice/Documents/Data_scientist_projects/AutoPredict/config/config.yaml loaded successfully]
[2024-05-23 19:33:49,326: INFO:common: yaml file: /Users/kanayojustice/Documents/Data_scientist_projects/AutoPredict/params.yaml loaded successfully]
[2024-05-23 19:33:49,368: INFO:common: yaml file: /Users/kanayojustice/Documents/Data_scientist_projects/AutoPredict/schema.yaml loaded successfully]
[2024-05-23 19:33:49,370: INFO:common: created directory at: artifacts]
[2024-05-23 19:33:49,372: INFO:common: created directory at: artifacts/data_validation]
[2024-05-23 19:34:17,384: INFO:main: >>>> stage Data ingestion stage started <<<<<]
[2024-05-23 19:34:17,387: INFO:common: yaml file: /Users/kanayojustice/Documents/Data_scientist_projects/AutoPredict/config/config.yaml loaded successfully]
[2024-05-23 19:34:17,388: INFO:common: yaml file: /Users/kanayojustice/Documents/Data_scientist_projects/AutoPredict/params.yaml loaded successfully]
[2024-05-23 19:34:17,420: INFO:common: yaml file: /Users/kanayojustice/Documents/Data_scientist_projects/AutoPredict/schema.yaml loaded successfully]
[2024-05-23 19:34:17,421: INFO:common: created directory at: artifacts]
[2024-05-23 19:34:17,422: INFO:common: created directory at: artifacts/data_ingestion]
[2024-05-23 19:34:21,413: INFO:data_ingestion: artifacts/data_ingestion/autopredict_cleaned_data.zip Download! with the following info: 
Connection: close
Content-Length: 1945315
Cache-Control: max-age=300
Content-Security-Policy: default-src 'none'; style-src 'unsafe-inline'; sandbox
Content-Type: application/zip
ETag: "b160506c17ea84ccc04e5b384952e3f307ac7aa5a12e2f509c92fd114a7bbbf6"
Strict-Transport-Security: max-age=31536000
X-Content-Type-Options: nosniff
X-Frame-Options: deny
X-XSS-Protection: 1; mode=block
X-GitHub-Request-Id: FD40:4B629:327DF4:3DA4BB:664F8C2A
Accept-Ranges: bytes
Date: Thu, 23 May 2024 18:34:18 GMT
Via: 1.1 varnish
X-Served-By: cache-lcy-eglc8600025-LCY
X-Cache: MISS
X-Cache-Hits: 0
X-Timer: S1716489259.554597,VS0,VE171
Vary: Authorization,Accept-Encoding,Origin
Access-Control-Allow-Origin: *
Cross-Origin-Resource-Policy: cross-origin
X-Fastly-Request-ID: f5e6771d832069ed949eeafeb4db876d26a4b732
Expires: Thu, 23 May 2024 18:39:18 GMT
Source-Age: 0

]
[2024-05-23 19:34:21,571: INFO:main: >>>> stage Data ingestion stage completed <<<<<]
[2024-05-23 19:34:31,739: INFO:common: yaml file: /Users/kanayojustice/Documents/Data_scientist_projects/AutoPredict/config/config.yaml loaded successfully]
[2024-05-23 19:34:31,743: INFO:common: yaml file: /Users/kanayojustice/Documents/Data_scientist_projects/AutoPredict/params.yaml loaded successfully]
[2024-05-23 19:34:31,786: INFO:common: yaml file: /Users/kanayojustice/Documents/Data_scientist_projects/AutoPredict/schema.yaml loaded successfully]
[2024-05-23 19:34:31,788: INFO:common: created directory at: artifacts]
[2024-05-23 19:34:31,789: INFO:common: created directory at: artifacts/data_validation]
